<?xml version="1.0" encoding="UTF-8"?>
<!-- Generated by org.testng.reporters.JUnitReportReporter -->
<testsuite hostname="MBRLT00757" failures="0" tests="1" name="testpackage.firstprogram" time="27.944" errors="0" timestamp="2022-11-20T12:48:42 IST" skipped="0">
  <testcase classname="testpackage.firstprogram" name="testcase001" time="27.944"/>
  <system-out/>
</testsuite> <!-- testpackage.firstprogram -->
